Loading required package: Matrix

Attaching package: ‘Matrix’

The following objects are masked from ‘package:tidyr’:

    expand, pack, unpack

************
Welcome to afex. For support visit: http://afex.singmann.science/
- Functions for ANOVAs: aov_car(), aov_ez(), and aov_4()
- Methods for calculating p-values with mixed(): 'S', 'KR', 'LRT', and 'PB'
- 'afex_aov' and 'mixed' objects can be passed to emmeans() for follow-up tests
- Get and set global package options with: afex_options()
- Set sum-to-zero contrasts globally: set_sum_contrasts()
- For example analyses see: browseVignettes("afex")
************

Attaching package: ‘afex’

The following object is masked from ‘package:lme4’:

    lmer

Command line:
/nfs/users/nfs_m/mt19/Scripts/R/358_stats_on_flow_cyt.R --Flow_cyt_data /lustre/scratch126/humgen/teams/soranzo/users/mt19/CUX1_experiment/Stats_flow_CUX1.csv --type stats_linear_mix_model --out /lustre/scratch126/humgen/teams/soranzo/users/mt19/CUX1_experiment/ 

All options:
    Flow_cyt_data = /lustre/scratch126/humgen/teams/soranzo/users/mt19/CUX1_experiment/Stats_flow_CUX1.csv
    type = stats_linear_mix_model
    out = /lustre/scratch126/humgen/teams/soranzo/users/mt19/CUX1_experiment/
    help = FALSE 
TYPE_
stats_linear_mix_model
OUT_
/lustre/scratch126/humgen/teams/soranzo/users/mt19/CUX1_experiment/
Flow_cyt_data_0
'data.frame':	54 obs. of  10 variables:
 $ Sample      : chr  "WT A" "WT B" "WT C" "13" ...
 $ Genotype    : chr  "WT" "WT" "WT" "KI" ...
 $ Time        : int  24 24 24 24 24 24 24 24 24 24 ...
 $ Condition   : chr  "unst" "unst" "unst" "unst" ...
 $ CD41+CD235- : num  1.01 0.57 0.19 0.5 0.19 0.64 1.26 0.29 16.3 2.44 ...
 $ CD41+CD235+ : num  2.5 5.15 0.9 1.9 3.18 0.17 2.41 2.45 3.03 4.01 ...
 $ CD41+       : num  3.51 5.72 1.09 2.4 3.37 ...
 $ CD41-CD235+ : num  73.4 75.7 87.5 81.1 93.7 74.7 42.7 80.8 20 56.1 ...
 $ CD235 GeoMFI: int  56189 40407 152471 110630 372810 58992 11913 93997 3119 10252 ...
 $ CD41 GeoMFI : int  804 1027 1077 766 763 1391 1343 639 1457 1330 ...

Del KI WT
18 18 18
24 96
27 27
Hemin PMA unst
18 18 18
Basal.df_0
'data.frame':	18 obs. of  10 variables:
 $ Sample      : chr  "WT A" "WT B" "WT C" "13" ...
 $ Genotype    : chr  "WT" "WT" "WT" "KI" ...
 $ Time        : int  24 24 24 24 24 24 24 24 24 96 ...
 $ Condition   : chr  "unst" "unst" "unst" "unst" ...
 $ CD41+CD235- : num  1.01 0.57 0.19 0.5 0.19 0.64 1.26 0.29 16.3 0.24 ...
 $ CD41+CD235+ : num  2.5 5.15 0.9 1.9 3.18 0.17 2.41 2.45 3.03 1.78 ...
 $ CD41+       : num  3.51 5.72 1.09 2.4 3.37 ...
 $ CD41-CD235+ : num  73.4 75.7 87.5 81.1 93.7 74.7 42.7 80.8 20 71.2 ...
 $ CD235 GeoMFI: int  56189 40407 152471 110630 372810 58992 11913 93997 3119 24206 ...
 $ CD41 GeoMFI : int  804 1027 1077 766 763 1391 1343 639 1457 525 ...

cols_0
 chr [1:6] "CD41+CD235-" "CD41+CD235+" "CD41+" "CD41-CD235+" "CD235 GeoMFI" ...

Basal.df.addition_0
'data.frame':	9 obs. of  8 variables:
 $ Sample      : chr  "13" "233" "235" "27" ...
 $ Genotype    : chr  "KI" "Del" "Del" "KI" ...
 $ CD41+CD235- : num  0.33 1.415 0.615 0.5 13.45 ...
 $ CD41+CD235+ : num  1.53 4.25 2.35 4.62 4.24 ...
 $ CD41+       : num  1.86 5.67 2.96 5.12 17.68 ...
 $ CD41-CD235+ : num  75.5 48.2 82.2 90.1 22.2 ...
 $ CD235 GeoMFI: num  66780 11096 74108 237704 3988 ...
 $ CD41 GeoMFI : num  570 1140 643 692 1524 ...

Basal.df.addition_new_1_0
'data.frame':	27 obs. of  8 variables:
 $ Sample      : chr  "13" "13" "13" "233" ...
 $ Genotype    : chr  "KI" "KI" "KI" "Del" ...
 $ CD41+CD235- : num  0.33 0.33 0.33 1.42 1.42 ...
 $ CD41+CD235+ : num  1.53 1.53 1.53 4.25 4.25 ...
 $ CD41+       : num  1.86 1.86 1.86 5.67 5.67 ...
 $ CD41-CD235+ : num  75.5 75.5 75.5 48.2 48.2 ...
 $ CD235 GeoMFI: num  66780 66780 66780 11096 11096 ...
 $ CD41 GeoMFI : num  570 570 570 1140 1140 ...

Basal.df.addition_new_1_1
'data.frame':	27 obs. of  10 variables:
 $ Sample      : chr  "13" "13" "13" "233" ...
 $ Genotype    : chr  "KI" "KI" "KI" "Del" ...
 $ CD41+CD235- : num  0.33 0.33 0.33 1.42 1.42 ...
 $ CD41+CD235+ : num  1.53 1.53 1.53 4.25 4.25 ...
 $ CD41+       : num  1.86 1.86 1.86 5.67 5.67 ...
 $ CD41-CD235+ : num  75.5 75.5 75.5 48.2 48.2 ...
 $ CD235 GeoMFI: num  66780 66780 66780 11096 11096 ...
 $ CD41 GeoMFI : num  570 570 570 1140 1140 ...
 $ Time        : chr  "Basal" "Basal" "Basal" "Basal" ...
 $ Condition   : chr  "unst" "PMA" "Hemin" "unst" ...

Flow_cyt_data_1
'data.frame':	81 obs. of  10 variables:
 $ Sample      : chr  "WT A" "WT B" "WT C" "13" ...
 $ Genotype    : Ord.factor w/ 3 levels "WT"<"KI"<"Del": 1 1 1 2 2 2 3 3 3 1 ...
 $ Time        : Ord.factor w/ 3 levels "Basal"<"24"<"96": 2 2 2 2 2 2 2 2 2 2 ...
 $ Condition   : Ord.factor w/ 3 levels "unst"<"PMA"<"Hemin": 1 1 1 1 1 1 1 1 1 2 ...
 $ CD41+CD235- : num  1.01 0.57 0.19 0.5 0.19 0.64 1.26 0.29 16.3 2.44 ...
 $ CD41+CD235+ : num  2.5 5.15 0.9 1.9 3.18 0.17 2.41 2.45 3.03 4.01 ...
 $ CD41+       : num  3.51 5.72 1.09 2.4 3.37 ...
 $ CD41-CD235+ : num  73.4 75.7 87.5 81.1 93.7 74.7 42.7 80.8 20 56.1 ...
 $ CD235 GeoMFI: num  56189 40407 152471 110630 372810 ...
 $ CD41 GeoMFI : num  804 1027 1077 766 763 ...

WT KI Del
27 27 27
Basal 24 96
27 27 27
unst PMA Hemin
27 27 27
cols_0
 chr [1:6] "CD41+CD235-" "CD41+CD235+" "CD41+" "CD41-CD235+" "CD235 GeoMFI" ...

Summary_table_parameters_mean_0
'data.frame':	27 obs. of  9 variables:
 $ Genotype         : Ord.factor w/ 3 levels "WT"<"KI"<"Del": 1 1 1 1 1 1 1 1 1 2 ...
 $ Condition        : Ord.factor w/ 3 levels "unst"<"PMA"<"Hemin": 1 1 1 2 2 2 3 3 3 1 ...
 $ Time             : Ord.factor w/ 3 levels "Basal"<"24"<"96": 1 2 3 1 2 3 1 2 3 1 ...
 $ CD41+CD235-.mean : num  0.367 0.59 0.143 0.367 6.97 ...
 $ CD41+CD235+.mean : num  1.95 2.85 1.05 1.95 11.2 ...
 $ CD41+.mean       : num  2.32 3.44 1.2 2.32 18.17 ...
 $ CD41-CD235+.mean : num  75.9 78.9 72.9 75.9 48.9 ...
 $ CD235 GeoMFI.mean: num  55552 83022 28082 55552 13950 ...
 $ CD41 GeoMFI.mean : num  758 969 547 758 1488 ...

Summary_table_parameters_mean.m_0
'data.frame':	162 obs. of  5 variables:
 $ Genotype : Ord.factor w/ 3 levels "WT"<"KI"<"Del": 1 1 1 1 1 1 1 1 1 2 ...
 $ Condition: Ord.factor w/ 3 levels "unst"<"PMA"<"Hemin": 1 1 1 2 2 2 3 3 3 1 ...
 $ Time     : Ord.factor w/ 3 levels "Basal"<"24"<"96": 1 2 3 1 2 3 1 2 3 1 ...
 $ Parameter: chr  "CD41+CD235-" "CD41+CD235-" "CD41+CD235-" "CD41+CD235-" ...
 $ Mean     : num  0.367 0.59 0.143 0.367 6.97 ...

CD235 GeoMFI CD41+ CD41-CD235+ CD41+CD235- CD41+CD235+ CD41 GeoMFI
27 27 27 27 27 27
Summary_table_parameters_sd_0
'data.frame':	27 obs. of  9 variables:
 $ Genotype       : Ord.factor w/ 3 levels "WT"<"KI"<"Del": 1 1 1 1 1 1 1 1 1 2 ...
 $ Condition      : Ord.factor w/ 3 levels "unst"<"PMA"<"Hemin": 1 1 1 2 2 2 3 3 3 1 ...
 $ Time           : Ord.factor w/ 3 levels "Basal"<"24"<"96": 1 2 3 1 2 3 1 2 3 1 ...
 $ CD41+CD235-.sd : num  0.265 0.41 0.127 0.265 4.53 ...
 $ CD41+CD235+.sd : num  1.3 2.15 0.78 1.3 6.61 ...
 $ CD41+.sd       : num  1.486 2.316 0.904 1.486 11.091 ...
 $ CD41-CD235+.sd : num  8.03 7.56 9.03 8.03 8.17 ...
 $ CD235 GeoMFI.sd: num  38765 60660 17126 38765 7579 ...
 $ CD41 GeoMFI.sd : num  81.9 145.3 51.6 81.9 277.1 ...

Summary_table_parameters_sd.m_0
'data.frame':	162 obs. of  5 variables:
 $ Genotype : Ord.factor w/ 3 levels "WT"<"KI"<"Del": 1 1 1 1 1 1 1 1 1 2 ...
 $ Condition: Ord.factor w/ 3 levels "unst"<"PMA"<"Hemin": 1 1 1 2 2 2 3 3 3 1 ...
 $ Time     : Ord.factor w/ 3 levels "Basal"<"24"<"96": 1 2 3 1 2 3 1 2 3 1 ...
 $ Parameter: chr  "CD41+CD235-" "CD41+CD235-" "CD41+CD235-" "CD41+CD235-" ...
 $ sd       : num  0.265 0.41 0.127 0.265 4.53 ...

CD235 GeoMFI CD41+ CD41-CD235+ CD41+CD235- CD41+CD235+ CD41 GeoMFI
27 27 27 27 27 27
Summary_table_DEF_0
'data.frame':	162 obs. of  6 variables:
 $ Genotype : Ord.factor w/ 3 levels "WT"<"KI"<"Del": 3 3 3 3 3 3 3 3 3 3 ...
 $ Condition: Ord.factor w/ 3 levels "unst"<"PMA"<"Hemin": 3 3 3 3 3 3 3 3 3 3 ...
 $ Time     : Ord.factor w/ 3 levels "Basal"<"24"<"96": 2 2 2 2 2 2 3 3 3 3 ...
 $ Parameter: Ord.factor w/ 6 levels "CD41+"<"CD41-CD235+"<..: 6 1 2 3 4 5 6 1 2 3 ...
 $ Mean     : num  43286.67 19.23 45.93 11.96 7.27 ...
 $ sd       : num  59796.03 13.78 30.5 12.08 6.21 ...

CD41+ CD41-CD235+ CD41+CD235- CD41+CD235+ CD41 GeoMFI CD235 GeoMFI
27 27 27 27 27 27
Summary_table_DEF_1
'data.frame':	162 obs. of  6 variables:
 $ Genotype : Ord.factor w/ 3 levels "WT"<"KI"<"Del": 1 1 1 1 1 1 1 1 1 2 ...
 $ Condition: Ord.factor w/ 3 levels "unst"<"PMA"<"Hemin": 1 1 1 2 2 2 3 3 3 1 ...
 $ Time     : Ord.factor w/ 3 levels "Basal"<"24"<"96": 1 2 3 1 2 3 1 2 3 1 ...
 $ Parameter: Ord.factor w/ 6 levels "CD41+"<"CD41-CD235+"<..: 1 1 1 1 1 1 1 1 1 1 ...
 $ Mean     : num  2.32 3.44 1.2 2.32 18.17 ...
 $ sd       : num  1.486 2.316 0.904 1.486 11.091 ...

CD41+ CD41-CD235+ CD41+CD235- CD41+CD235+ CD41 GeoMFI CD235 GeoMFI
27 27 27 27 27 27
------------------>	WT
------------------>	KI
----------comparison-------->	WT KI
Flow_cyt_data_sel_0
'data.frame':	54 obs. of  10 variables:
 $ Sample      : chr  "WT A" "WT B" "WT C" "13" ...
 $ Genotype    : Ord.factor w/ 2 levels "WT"<"KI": 1 1 1 2 2 2 1 1 1 2 ...
 $ Time        : Ord.factor w/ 3 levels "Basal"<"24"<"96": 2 2 2 2 2 2 2 2 2 2 ...
 $ Condition   : Ord.factor w/ 3 levels "unst"<"PMA"<"Hemin": 1 1 1 1 1 1 2 2 2 2 ...
 $ CD41+CD235- : num  1.01 0.57 0.19 0.5 0.19 0.64 2.44 11.5 6.97 5.43 ...
 $ CD41+CD235+ : num  2.5 5.15 0.9 1.9 3.18 0.17 4.01 17 12.6 8.38 ...
 $ CD41+       : num  3.51 5.72 1.09 2.4 3.37 ...
 $ CD41-CD235+ : num  73.4 75.7 87.5 81.1 93.7 74.7 56.1 40 50.5 50.6 ...
 $ CD235 GeoMFI: num  56189 40407 152471 110630 372810 ...
 $ CD41 GeoMFI : num  804 1027 1077 766 763 ...

--->	CD41+CD235-
Summary_table_DEF_sel_0
'data.frame':	18 obs. of  6 variables:
 $ Genotype : Ord.factor w/ 2 levels "WT"<"KI": 1 1 1 1 1 1 1 1 1 2 ...
 $ Condition: Ord.factor w/ 3 levels "unst"<"PMA"<"Hemin": 1 1 1 2 2 2 3 3 3 1 ...
 $ Time     : Ord.factor w/ 3 levels "Basal"<"24"<"96": 1 2 3 1 2 3 1 2 3 1 ...
 $ Parameter: Ord.factor w/ 1 level "CD41+CD235-": 1 1 1 1 1 1 1 1 1 1 ...
 $ Mean     : num  0.367 0.59 0.143 0.367 6.97 ...
 $ sd       : num  0.265 0.41 0.127 0.265 4.53 ...

boundary (singular) fit: see help('isSingular')
boundary (singular) fit: see help('isSingular')
boundary (singular) fit: see help('isSingular')
refitting model(s) with ML (instead of REML)
LRT_model_intermediate
Classes ‘anova’ and 'data.frame':	2 obs. of  8 variables:
 $ npar      : num  12 13
 $ AIC       : num  387 389
 $ BIC       : num  411 415
 $ logLik    : num  -181 -181
 $ deviance  : num  363 363
 $ Chisq     : num  NA 0.0833
 $ Df        : num  NA 1
 $ Pr(>Chisq): num  NA 0.773
 - attr(*, "heading")= chr [1:4] "Data: Flow_cyt_data_sel" "Models:" "reduced_model: Flow_cyt_data_sel[, k] ~ 1 + Time + Condition + (1 + Genotype | Sample) + (1 + Genotype | Condition)" "intermediate_model: Flow_cyt_data_sel[, k] ~ 1 + Genotype + Time + Condition + (1 + Genotype | Sample) + (1 + G"| __truncated__

refitting model(s) with ML (instead of REML)
LRT_model_full
Classes ‘anova’ and 'data.frame':	2 obs. of  8 variables:
 $ npar      : num  13 15
 $ AIC       : num  389 392
 $ BIC       : num  415 422
 $ logLik    : num  -181 -181
 $ deviance  : num  363 362
 $ Chisq     : num  NA 0.362
 $ Df        : num  NA 2
 $ Pr(>Chisq): num  NA 0.834
 - attr(*, "heading")= chr [1:4] "Data: Flow_cyt_data_sel" "Models:" "intermediate_model: Flow_cyt_data_sel[, k] ~ 1 + Genotype + Time + Condition + (1 + Genotype | Sample) + (1 + G"| __truncated__ "full_model: Flow_cyt_data_sel[, k] ~ 1 + Genotype:Time + Genotype + Time + Condition + (1 + Genotype | Sample) "| __truncated__

A
Min. 1st Qu. Median Mean 3rd Qu. Max.
0.143333333333333 0.385833333333333 0.611666666666667 4.43972222222222 0.8225 32.7333333333333
max_value:min_value:step
32.7333333333333	0.143333333333333	8.15
--->	CD41+CD235+
Summary_table_DEF_sel_0
'data.frame':	18 obs. of  6 variables:
 $ Genotype : Ord.factor w/ 2 levels "WT"<"KI": 1 1 1 1 1 1 1 1 1 2 ...
 $ Condition: Ord.factor w/ 3 levels "unst"<"PMA"<"Hemin": 1 1 1 2 2 2 3 3 3 1 ...
 $ Time     : Ord.factor w/ 3 levels "Basal"<"24"<"96": 1 2 3 1 2 3 1 2 3 1 ...
 $ Parameter: Ord.factor w/ 1 level "CD41+CD235+": 1 1 1 1 1 1 1 1 1 1 ...
 $ Mean     : num  1.95 2.85 1.05 1.95 11.2 ...
 $ sd       : num  1.3 2.15 0.78 1.3 6.61 ...

boundary (singular) fit: see help('isSingular')
boundary (singular) fit: see help('isSingular')
boundary (singular) fit: see help('isSingular')
refitting model(s) with ML (instead of REML)
LRT_model_intermediate
Classes ‘anova’ and 'data.frame':	2 obs. of  8 variables:
 $ npar      : num  12 13
 $ AIC       : num  450 452
 $ BIC       : num  474 478
 $ logLik    : num  -213 -213
 $ deviance  : num  426 426
 $ Chisq     : num  NA 0.19
 $ Df        : num  NA 1
 $ Pr(>Chisq): num  NA 0.663
 - attr(*, "heading")= chr [1:4] "Data: Flow_cyt_data_sel" "Models:" "reduced_model: Flow_cyt_data_sel[, k] ~ 1 + Time + Condition + (1 + Genotype | Sample) + (1 + Genotype | Condition)" "intermediate_model: Flow_cyt_data_sel[, k] ~ 1 + Genotype + Time + Condition + (1 + Genotype | Sample) + (1 + G"| __truncated__

refitting model(s) with ML (instead of REML)
LRT_model_full
Classes ‘anova’ and 'data.frame':	2 obs. of  8 variables:
 $ npar      : num  13 15
 $ AIC       : num  452 456
 $ BIC       : num  478 486
 $ logLik    : num  -213 -213
 $ deviance  : num  426 426
 $ Chisq     : num  NA 0.115
 $ Df        : num  NA 2
 $ Pr(>Chisq): num  NA 0.944
 - attr(*, "heading")= chr [1:4] "Data: Flow_cyt_data_sel" "Models:" "intermediate_model: Flow_cyt_data_sel[, k] ~ 1 + Genotype + Time + Condition + (1 + Genotype | Sample) + (1 + G"| __truncated__ "full_model: Flow_cyt_data_sel[, k] ~ 1 + Genotype:Time + Genotype + Time + Condition + (1 + Genotype | Sample) "| __truncated__

A
Min. 1st Qu. Median Mean 3rd Qu. Max.
1.05333333333333 1.95166666666667 2.8325 10.3885185185185 8.4175 57.8666666666667
max_value:min_value:step
57.8666666666667	1.05333333333333	14.2
--->	CD41+
Summary_table_DEF_sel_0
'data.frame':	18 obs. of  6 variables:
 $ Genotype : Ord.factor w/ 2 levels "WT"<"KI": 1 1 1 1 1 1 1 1 1 2 ...
 $ Condition: Ord.factor w/ 3 levels "unst"<"PMA"<"Hemin": 1 1 1 2 2 2 3 3 3 1 ...
 $ Time     : Ord.factor w/ 3 levels "Basal"<"24"<"96": 1 2 3 1 2 3 1 2 3 1 ...
 $ Parameter: Ord.factor w/ 1 level "CD41+": 1 1 1 1 1 1 1 1 1 1 ...
 $ Mean     : num  2.32 3.44 1.2 2.32 18.17 ...
 $ sd       : num  1.486 2.316 0.904 1.486 11.091 ...

boundary (singular) fit: see help('isSingular')
boundary (singular) fit: see help('isSingular')
boundary (singular) fit: see help('isSingular')
refitting model(s) with ML (instead of REML)
LRT_model_intermediate
Classes ‘anova’ and 'data.frame':	2 obs. of  8 variables:
 $ npar      : num  12 13
 $ AIC       : num  487 488
 $ BIC       : num  510 514
 $ logLik    : num  -231 -231
 $ deviance  : num  463 462
 $ Chisq     : num  NA 0.18
 $ Df        : num  NA 1
 $ Pr(>Chisq): num  NA 0.671
 - attr(*, "heading")= chr [1:4] "Data: Flow_cyt_data_sel" "Models:" "reduced_model: Flow_cyt_data_sel[, k] ~ 1 + Time + Condition + (1 + Genotype | Sample) + (1 + Genotype | Condition)" "intermediate_model: Flow_cyt_data_sel[, k] ~ 1 + Genotype + Time + Condition + (1 + Genotype | Sample) + (1 + G"| __truncated__

refitting model(s) with ML (instead of REML)
LRT_model_full
Classes ‘anova’ and 'data.frame':	2 obs. of  8 variables:
 $ npar      : num  13 15
 $ AIC       : num  488 492
 $ BIC       : num  514 522
 $ logLik    : num  -231 -231
 $ deviance  : num  462 462
 $ Chisq     : num  NA 0.229
 $ Df        : num  NA 2
 $ Pr(>Chisq): num  NA 0.892
 - attr(*, "heading")= chr [1:4] "Data: Flow_cyt_data_sel" "Models:" "intermediate_model: Flow_cyt_data_sel[, k] ~ 1 + Genotype + Time + Condition + (1 + Genotype | Sample) + (1 + G"| __truncated__ "full_model: Flow_cyt_data_sel[, k] ~ 1 + Genotype:Time + Genotype + Time + Condition + (1 + Genotype | Sample) "| __truncated__

A
Min. 1st Qu. Median Mean 3rd Qu. Max.
1.19666666666667 2.31833333333333 3.43333333333333 14.8282407407407 9.1425 90.5666666666667
max_value:min_value:step
90.5666666666667	1.19666666666667	22.34
--->	CD41-CD235+
Summary_table_DEF_sel_0
'data.frame':	18 obs. of  6 variables:
 $ Genotype : Ord.factor w/ 2 levels "WT"<"KI": 1 1 1 1 1 1 1 1 1 2 ...
 $ Condition: Ord.factor w/ 3 levels "unst"<"PMA"<"Hemin": 1 1 1 2 2 2 3 3 3 1 ...
 $ Time     : Ord.factor w/ 3 levels "Basal"<"24"<"96": 1 2 3 1 2 3 1 2 3 1 ...
 $ Parameter: Ord.factor w/ 1 level "CD41-CD235+": 1 1 1 1 1 1 1 1 1 1 ...
 $ Mean     : num  75.9 78.9 72.9 75.9 48.9 ...
 $ sd       : num  8.03 7.56 9.03 8.03 8.17 ...

boundary (singular) fit: see help('isSingular')
boundary (singular) fit: see help('isSingular')
boundary (singular) fit: see help('isSingular')
refitting model(s) with ML (instead of REML)
LRT_model_intermediate
Classes ‘anova’ and 'data.frame':	2 obs. of  8 variables:
 $ npar      : num  12 13
 $ AIC       : num  473 475
 $ BIC       : num  497 501
 $ logLik    : num  -224 -224
 $ deviance  : num  449 449
 $ Chisq     : num  NA 0.098
 $ Df        : num  NA 1
 $ Pr(>Chisq): num  NA 0.754
 - attr(*, "heading")= chr [1:4] "Data: Flow_cyt_data_sel" "Models:" "reduced_model: Flow_cyt_data_sel[, k] ~ 1 + Time + Condition + (1 + Genotype | Sample) + (1 + Genotype | Condition)" "intermediate_model: Flow_cyt_data_sel[, k] ~ 1 + Genotype + Time + Condition + (1 + Genotype | Sample) + (1 + G"| __truncated__

refitting model(s) with ML (instead of REML)
LRT_model_full
Classes ‘anova’ and 'data.frame':	2 obs. of  8 variables:
 $ npar      : num  13 15
 $ AIC       : num  475 479
 $ BIC       : num  501 508
 $ logLik    : num  -224 -224
 $ deviance  : num  449 449
 $ Chisq     : num  NA 0.232
 $ Df        : num  NA 2
 $ Pr(>Chisq): num  NA 0.89
 - attr(*, "heading")= chr [1:4] "Data: Flow_cyt_data_sel" "Models:" "intermediate_model: Flow_cyt_data_sel[, k] ~ 1 + Genotype + Time + Condition + (1 + Genotype | Sample) + (1 + G"| __truncated__ "full_model: Flow_cyt_data_sel[, k] ~ 1 + Genotype:Time + Genotype + Time + Condition + (1 + Genotype | Sample) "| __truncated__

A
Min. 1st Qu. Median Mean 3rd Qu. Max.
3.57666666666667 72.8083333333333 76.9333333333333 66.8124074074074 79.0916666666667 85.4
max_value:min_value:step
85.4	3.57666666666667	20.46
--->	CD235 GeoMFI
Summary_table_DEF_sel_0
'data.frame':	18 obs. of  6 variables:
 $ Genotype : Ord.factor w/ 2 levels "WT"<"KI": 1 1 1 1 1 1 1 1 1 2 ...
 $ Condition: Ord.factor w/ 3 levels "unst"<"PMA"<"Hemin": 1 1 1 2 2 2 3 3 3 1 ...
 $ Time     : Ord.factor w/ 3 levels "Basal"<"24"<"96": 1 2 3 1 2 3 1 2 3 1 ...
 $ Parameter: Ord.factor w/ 1 level "CD235 GeoMFI": 1 1 1 1 1 1 1 1 1 1 ...
 $ Mean     : num  55552 83022 28082 55552 13950 ...
 $ sd       : num  38765 60660 17126 38765 7579 ...

boundary (singular) fit: see help('isSingular')
boundary (singular) fit: see help('isSingular')
boundary (singular) fit: see help('isSingular')
refitting model(s) with ML (instead of REML)
LRT_model_intermediate
Classes ‘anova’ and 'data.frame':	2 obs. of  8 variables:
 $ npar      : num  12 13
 $ AIC       : num  1358 1359
 $ BIC       : num  1382 1385
 $ logLik    : num  -667 -666
 $ deviance  : num  1334 1333
 $ Chisq     : num  NA 0.834
 $ Df        : num  NA 1
 $ Pr(>Chisq): num  NA 0.361
 - attr(*, "heading")= chr [1:4] "Data: Flow_cyt_data_sel" "Models:" "reduced_model: Flow_cyt_data_sel[, k] ~ 1 + Time + Condition + (1 + Genotype | Sample) + (1 + Genotype | Condition)" "intermediate_model: Flow_cyt_data_sel[, k] ~ 1 + Genotype + Time + Condition + (1 + Genotype | Sample) + (1 + G"| __truncated__

refitting model(s) with ML (instead of REML)
LRT_model_full
Classes ‘anova’ and 'data.frame':	2 obs. of  8 variables:
 $ npar      : num  13 15
 $ AIC       : num  1359 1359
 $ BIC       : num  1385 1389
 $ logLik    : num  -666 -664
 $ deviance  : num  1333 1329
 $ Chisq     : num  NA 3.88
 $ Df        : num  NA 2
 $ Pr(>Chisq): num  NA 0.144
 - attr(*, "heading")= chr [1:4] "Data: Flow_cyt_data_sel" "Models:" "intermediate_model: Flow_cyt_data_sel[, k] ~ 1 + Genotype + Time + Condition + (1 + Genotype | Sample) + (1 + G"| __truncated__ "full_model: Flow_cyt_data_sel[, k] ~ 1 + Genotype:Time + Genotype + Time + Condition + (1 + Genotype | Sample) "| __truncated__

A
Min. 1st Qu. Median Mean 3rd Qu. Max.
13950.3333333333 47040.25 69287.1666666667 84476.2592592593 115598.333333333 206375
max_value:min_value:step
206375	13950.3333333333	48106.17
--->	CD41 GeoMFI
Summary_table_DEF_sel_0
'data.frame':	18 obs. of  6 variables:
 $ Genotype : Ord.factor w/ 2 levels "WT"<"KI": 1 1 1 1 1 1 1 1 1 2 ...
 $ Condition: Ord.factor w/ 3 levels "unst"<"PMA"<"Hemin": 1 1 1 2 2 2 3 3 3 1 ...
 $ Time     : Ord.factor w/ 3 levels "Basal"<"24"<"96": 1 2 3 1 2 3 1 2 3 1 ...
 $ Parameter: Ord.factor w/ 1 level "CD41 GeoMFI": 1 1 1 1 1 1 1 1 1 1 ...
 $ Mean     : num  758 969 547 758 1488 ...
 $ sd       : num  81.9 145.3 51.6 81.9 277.1 ...

boundary (singular) fit: see help('isSingular')
boundary (singular) fit: see help('isSingular')
boundary (singular) fit: see help('isSingular')
refitting model(s) with ML (instead of REML)
LRT_model_intermediate
Classes ‘anova’ and 'data.frame':	2 obs. of  8 variables:
 $ npar      : num  12 13
 $ AIC       : num  1199 1201
 $ BIC       : num  1223 1226
 $ logLik    : num  -588 -587
 $ deviance  : num  1175 1175
 $ Chisq     : num  NA 0.79
 $ Df        : num  NA 1
 $ Pr(>Chisq): num  NA 0.374
 - attr(*, "heading")= chr [1:4] "Data: Flow_cyt_data_sel" "Models:" "reduced_model: Flow_cyt_data_sel[, k] ~ 1 + Time + Condition + (1 + Genotype | Sample) + (1 + Genotype | Condition)" "intermediate_model: Flow_cyt_data_sel[, k] ~ 1 + Genotype + Time + Condition + (1 + Genotype | Sample) + (1 + G"| __truncated__

refitting model(s) with ML (instead of REML)
LRT_model_full
Classes ‘anova’ and 'data.frame':	2 obs. of  8 variables:
 $ npar      : num  13 15
 $ AIC       : num  1201 1203
 $ BIC       : num  1226 1233
 $ logLik    : num  -587 -587
 $ deviance  : num  1175 1173
 $ Chisq     : num  NA 1.36
 $ Df        : num  NA 2
 $ Pr(>Chisq): num  NA 0.507
 - attr(*, "heading")= chr [1:4] "Data: Flow_cyt_data_sel" "Models:" "intermediate_model: Flow_cyt_data_sel[, k] ~ 1 + Genotype + Time + Condition + (1 + Genotype | Sample) + (1 + G"| __truncated__ "full_model: Flow_cyt_data_sel[, k] ~ 1 + Genotype:Time + Genotype + Time + Condition + (1 + Genotype | Sample) "| __truncated__

A
Min. 1st Qu. Median Mean 3rd Qu. Max.
547 783.833333333333 941.5 5938.18518518519 1042.66666666667 58315
max_value:min_value:step
58315	547	14442
------------------>	Del
----------comparison-------->	WT Del
Flow_cyt_data_sel_0
'data.frame':	54 obs. of  10 variables:
 $ Sample      : chr  "WT A" "WT B" "WT C" "233" ...
 $ Genotype    : Ord.factor w/ 2 levels "WT"<"Del": 1 1 1 2 2 2 1 1 1 2 ...
 $ Time        : Ord.factor w/ 3 levels "Basal"<"24"<"96": 2 2 2 2 2 2 2 2 2 2 ...
 $ Condition   : Ord.factor w/ 3 levels "unst"<"PMA"<"Hemin": 1 1 1 1 1 1 2 2 2 2 ...
 $ CD41+CD235- : num  1.01 0.57 0.19 1.26 0.29 16.3 2.44 11.5 6.97 51.3 ...
 $ CD41+CD235+ : num  2.5 5.15 0.9 2.41 2.45 3.03 4.01 17 12.6 14.6 ...
 $ CD41+       : num  3.51 5.72 1.09 3.67 2.74 ...
 $ CD41-CD235+ : num  73.4 75.7 87.5 42.7 80.8 20 56.1 40 50.5 9.13 ...
 $ CD235 GeoMFI: num  56189 40407 152471 11913 93997 ...
 $ CD41 GeoMFI : num  804 1027 1077 1343 639 ...

--->	CD41+CD235-
Summary_table_DEF_sel_0
'data.frame':	18 obs. of  6 variables:
 $ Genotype : Ord.factor w/ 2 levels "WT"<"Del": 1 1 1 1 1 1 1 1 1 2 ...
 $ Condition: Ord.factor w/ 3 levels "unst"<"PMA"<"Hemin": 1 1 1 2 2 2 3 3 3 1 ...
 $ Time     : Ord.factor w/ 3 levels "Basal"<"24"<"96": 1 2 3 1 2 3 1 2 3 1 ...
 $ Parameter: Ord.factor w/ 1 level "CD41+CD235-": 1 1 1 1 1 1 1 1 1 1 ...
 $ Mean     : num  0.367 0.59 0.143 0.367 6.97 ...
 $ sd       : num  0.265 0.41 0.127 0.265 4.53 ...

boundary (singular) fit: see help('isSingular')
boundary (singular) fit: see help('isSingular')
boundary (singular) fit: see help('isSingular')
refitting model(s) with ML (instead of REML)
LRT_model_intermediate
Classes ‘anova’ and 'data.frame':	2 obs. of  8 variables:
 $ npar      : num  12 13
 $ AIC       : num  428 428
 $ BIC       : num  452 454
 $ logLik    : num  -202 -201
 $ deviance  : num  404 402
 $ Chisq     : num  NA 2.15
 $ Df        : num  NA 1
 $ Pr(>Chisq): num  NA 0.143
 - attr(*, "heading")= chr [1:4] "Data: Flow_cyt_data_sel" "Models:" "reduced_model: Flow_cyt_data_sel[, k] ~ 1 + Time + Condition + (1 + Genotype | Sample) + (1 + Genotype | Condition)" "intermediate_model: Flow_cyt_data_sel[, k] ~ 1 + Genotype + Time + Condition + (1 + Genotype | Sample) + (1 + G"| __truncated__

refitting model(s) with ML (instead of REML)
LRT_model_full
Classes ‘anova’ and 'data.frame':	2 obs. of  8 variables:
 $ npar      : num  13 15
 $ AIC       : num  428 429
 $ BIC       : num  454 458
 $ logLik    : num  -201 -199
 $ deviance  : num  402 399
 $ Chisq     : num  NA 3.34
 $ Df        : num  NA 2
 $ Pr(>Chisq): num  NA 0.188
 - attr(*, "heading")= chr [1:4] "Data: Flow_cyt_data_sel" "Models:" "intermediate_model: Flow_cyt_data_sel[, k] ~ 1 + Genotype + Time + Condition + (1 + Genotype | Sample) + (1 + G"| __truncated__ "full_model: Flow_cyt_data_sel[, k] ~ 1 + Genotype:Time + Genotype + Time + Condition + (1 + Genotype | Sample) "| __truncated__

A
Min. 1st Qu. Median Mean 3rd Qu. Max.
0.143333333333333 0.6425 5.16 9.34277777777778 8.9225 45.1666666666667
max_value:min_value:step
45.1666666666667	0.143333333333333	11.26
--->	CD41+CD235+
Summary_table_DEF_sel_0
'data.frame':	18 obs. of  6 variables:
 $ Genotype : Ord.factor w/ 2 levels "WT"<"Del": 1 1 1 1 1 1 1 1 1 2 ...
 $ Condition: Ord.factor w/ 3 levels "unst"<"PMA"<"Hemin": 1 1 1 2 2 2 3 3 3 1 ...
 $ Time     : Ord.factor w/ 3 levels "Basal"<"24"<"96": 1 2 3 1 2 3 1 2 3 1 ...
 $ Parameter: Ord.factor w/ 1 level "CD41+CD235+": 1 1 1 1 1 1 1 1 1 1 ...
 $ Mean     : num  1.95 2.85 1.05 1.95 11.2 ...
 $ sd       : num  1.3 2.15 0.78 1.3 6.61 ...

boundary (singular) fit: see help('isSingular')
boundary (singular) fit: see help('isSingular')
boundary (singular) fit: see help('isSingular')
refitting model(s) with ML (instead of REML)
LRT_model_intermediate
Classes ‘anova’ and 'data.frame':	2 obs. of  8 variables:
 $ npar      : num  12 13
 $ AIC       : num  454 455
 $ BIC       : num  478 481
 $ logLik    : num  -215 -215
 $ deviance  : num  430 429
 $ Chisq     : num  NA 0.621
 $ Df        : num  NA 1
 $ Pr(>Chisq): num  NA 0.431
 - attr(*, "heading")= chr [1:4] "Data: Flow_cyt_data_sel" "Models:" "reduced_model: Flow_cyt_data_sel[, k] ~ 1 + Time + Condition + (1 + Genotype | Sample) + (1 + Genotype | Condition)" "intermediate_model: Flow_cyt_data_sel[, k] ~ 1 + Genotype + Time + Condition + (1 + Genotype | Sample) + (1 + G"| __truncated__

refitting model(s) with ML (instead of REML)
LRT_model_full
Classes ‘anova’ and 'data.frame':	2 obs. of  8 variables:
 $ npar      : num  13 15
 $ AIC       : num  455 459
 $ BIC       : num  481 489
 $ logLik    : num  -215 -215
 $ deviance  : num  429 429
 $ Chisq     : num  NA 0.248
 $ Df        : num  NA 2
 $ Pr(>Chisq): num  NA 0.883
 - attr(*, "heading")= chr [1:4] "Data: Flow_cyt_data_sel" "Models:" "intermediate_model: Flow_cyt_data_sel[, k] ~ 1 + Genotype + Time + Condition + (1 + Genotype | Sample) + (1 + G"| __truncated__ "full_model: Flow_cyt_data_sel[, k] ~ 1 + Genotype:Time + Genotype + Time + Condition + (1 + Genotype | Sample) "| __truncated__

A
Min. 1st Qu. Median Mean 3rd Qu. Max.
1.05333333333333 2.685 3.61 11.0356481481481 10.22 57.8666666666667
max_value:min_value:step
57.8666666666667	1.05333333333333	14.2
--->	CD41+
Summary_table_DEF_sel_0
'data.frame':	18 obs. of  6 variables:
 $ Genotype : Ord.factor w/ 2 levels "WT"<"Del": 1 1 1 1 1 1 1 1 1 2 ...
 $ Condition: Ord.factor w/ 3 levels "unst"<"PMA"<"Hemin": 1 1 1 2 2 2 3 3 3 1 ...
 $ Time     : Ord.factor w/ 3 levels "Basal"<"24"<"96": 1 2 3 1 2 3 1 2 3 1 ...
 $ Parameter: Ord.factor w/ 1 level "CD41+": 1 1 1 1 1 1 1 1 1 1 ...
 $ Mean     : num  2.32 3.44 1.2 2.32 18.17 ...
 $ sd       : num  1.486 2.316 0.904 1.486 11.091 ...

boundary (singular) fit: see help('isSingular')
boundary (singular) fit: see help('isSingular')
boundary (singular) fit: see help('isSingular')
refitting model(s) with ML (instead of REML)
LRT_model_intermediate
Classes ‘anova’ and 'data.frame':	2 obs. of  8 variables:
 $ npar      : num  12 13
 $ AIC       : num  493 491
 $ BIC       : num  517 516
 $ logLik    : num  -234 -232
 $ deviance  : num  469 465
 $ Chisq     : num  NA 4.12
 $ Df        : num  NA 1
 $ Pr(>Chisq): num  NA 0.0424
 - attr(*, "heading")= chr [1:4] "Data: Flow_cyt_data_sel" "Models:" "reduced_model: Flow_cyt_data_sel[, k] ~ 1 + Time + Condition + (1 + Genotype | Sample) + (1 + Genotype | Condition)" "intermediate_model: Flow_cyt_data_sel[, k] ~ 1 + Genotype + Time + Condition + (1 + Genotype | Sample) + (1 + G"| __truncated__

refitting model(s) with ML (instead of REML)
LRT_model_full
Classes ‘anova’ and 'data.frame':	2 obs. of  8 variables:
 $ npar      : num  13 15
 $ AIC       : num  491 494
 $ BIC       : num  516 523
 $ logLik    : num  -232 -232
 $ deviance  : num  465 464
 $ Chisq     : num  NA 0.993
 $ Df        : num  NA 2
 $ Pr(>Chisq): num  NA 0.609
 - attr(*, "heading")= chr [1:4] "Data: Flow_cyt_data_sel" "Models:" "intermediate_model: Flow_cyt_data_sel[, k] ~ 1 + Genotype + Time + Condition + (1 + Genotype | Sample) + (1 + G"| __truncated__ "full_model: Flow_cyt_data_sel[, k] ~ 1 + Genotype:Time + Genotype + Time + Condition + (1 + Genotype | Sample) "| __truncated__

A
Min. 1st Qu. Median Mean 3rd Qu. Max.
1.19666666666667 3.55416666666667 8.77 20.3784259259259 18.9683333333333 94.6333333333333
max_value:min_value:step
94.6333333333333	1.19666666666667	23.36
--->	CD41-CD235+
Summary_table_DEF_sel_0
'data.frame':	18 obs. of  6 variables:
 $ Genotype : Ord.factor w/ 2 levels "WT"<"Del": 1 1 1 1 1 1 1 1 1 2 ...
 $ Condition: Ord.factor w/ 3 levels "unst"<"PMA"<"Hemin": 1 1 1 2 2 2 3 3 3 1 ...
 $ Time     : Ord.factor w/ 3 levels "Basal"<"24"<"96": 1 2 3 1 2 3 1 2 3 1 ...
 $ Parameter: Ord.factor w/ 1 level "CD41-CD235+": 1 1 1 1 1 1 1 1 1 1 ...
 $ Mean     : num  75.9 78.9 72.9 75.9 48.9 ...
 $ sd       : num  8.03 7.56 9.03 8.03 8.17 ...

boundary (singular) fit: see help('isSingular')
boundary (singular) fit: see help('isSingular')
boundary (singular) fit: see help('isSingular')
refitting model(s) with ML (instead of REML)
LRT_model_intermediate
Classes ‘anova’ and 'data.frame':	2 obs. of  8 variables:
 $ npar      : num  12 13
 $ AIC       : num  479 479
 $ BIC       : num  503 505
 $ logLik    : num  -228 -226
 $ deviance  : num  455 453
 $ Chisq     : num  NA 2.8
 $ Df        : num  NA 1
 $ Pr(>Chisq): num  NA 0.0941
 - attr(*, "heading")= chr [1:4] "Data: Flow_cyt_data_sel" "Models:" "reduced_model: Flow_cyt_data_sel[, k] ~ 1 + Time + Condition + (1 + Genotype | Sample) + (1 + Genotype | Condition)" "intermediate_model: Flow_cyt_data_sel[, k] ~ 1 + Genotype + Time + Condition + (1 + Genotype | Sample) + (1 + G"| __truncated__

refitting model(s) with ML (instead of REML)
LRT_model_full
Classes ‘anova’ and 'data.frame':	2 obs. of  8 variables:
 $ npar      : num  13 15
 $ AIC       : num  479 481
 $ BIC       : num  505 510
 $ logLik    : num  -226 -225
 $ deviance  : num  453 451
 $ Chisq     : num  NA 2
 $ Df        : num  NA 2
 $ Pr(>Chisq): num  NA 0.368
 - attr(*, "heading")= chr [1:4] "Data: Flow_cyt_data_sel" "Models:" "intermediate_model: Flow_cyt_data_sel[, k] ~ 1 + Genotype + Time + Condition + (1 + Genotype | Sample) + (1 + G"| __truncated__ "full_model: Flow_cyt_data_sel[, k] ~ 1 + Genotype:Time + Genotype + Time + Condition + (1 + Genotype | Sample) "| __truncated__

A
Min. 1st Qu. Median Mean 3rd Qu. Max.
1.26666666666667 47.0333333333333 50.9 53.2742592592593 75.9 80.1
max_value:min_value:step
80.1	1.26666666666667	19.71
--->	CD235 GeoMFI
Summary_table_DEF_sel_0
'data.frame':	18 obs. of  6 variables:
 $ Genotype : Ord.factor w/ 2 levels "WT"<"Del": 1 1 1 1 1 1 1 1 1 2 ...
 $ Condition: Ord.factor w/ 3 levels "unst"<"PMA"<"Hemin": 1 1 1 2 2 2 3 3 3 1 ...
 $ Time     : Ord.factor w/ 3 levels "Basal"<"24"<"96": 1 2 3 1 2 3 1 2 3 1 ...
 $ Parameter: Ord.factor w/ 1 level "CD235 GeoMFI": 1 1 1 1 1 1 1 1 1 1 ...
 $ Mean     : num  55552 83022 28082 55552 13950 ...
 $ sd       : num  38765 60660 17126 38765 7579 ...

refitting model(s) with ML (instead of REML)
LRT_model_intermediate
Classes ‘anova’ and 'data.frame':	2 obs. of  8 variables:
 $ npar      : num  12 13
 $ AIC       : num  1295 1295
 $ BIC       : num  1319 1321
 $ logLik    : num  -635 -635
 $ deviance  : num  1271 1269
 $ Chisq     : num  NA 1.32
 $ Df        : num  NA 1
 $ Pr(>Chisq): num  NA 0.251
 - attr(*, "heading")= chr [1:4] "Data: Flow_cyt_data_sel" "Models:" "reduced_model: Flow_cyt_data_sel[, k] ~ 1 + Time + Condition + (1 + Genotype | Sample) + (1 + Genotype | Condition)" "intermediate_model: Flow_cyt_data_sel[, k] ~ 1 + Genotype + Time + Condition + (1 + Genotype | Sample) + (1 + G"| __truncated__

refitting model(s) with ML (instead of REML)
LRT_model_full
Classes ‘anova’ and 'data.frame':	2 obs. of  8 variables:
 $ npar      : num  13 15
 $ AIC       : num  1295 1298
 $ BIC       : num  1321 1327
 $ logLik    : num  -635 -634
 $ deviance  : num  1269 1268
 $ Chisq     : num  NA 1.84
 $ Df        : num  NA 2
 $ Pr(>Chisq): num  NA 0.399
 - attr(*, "heading")= chr [1:4] "Data: Flow_cyt_data_sel" "Models:" "intermediate_model: Flow_cyt_data_sel[, k] ~ 1 + Genotype + Time + Condition + (1 + Genotype | Sample) + (1 + G"| __truncated__ "full_model: Flow_cyt_data_sel[, k] ~ 1 + Genotype:Time + Genotype + Time + Condition + (1 + Genotype | Sample) "| __truncated__

A
Min. 1st Qu. Median Mean 3rd Qu. Max.
7029.66666666667 28493.875 39814.8333333333 46509.1203703704 55552 122283.333333333
max_value:min_value:step
122283.333333333	7029.66666666667	28813.42
--->	CD41 GeoMFI
Summary_table_DEF_sel_0
'data.frame':	18 obs. of  6 variables:
 $ Genotype : Ord.factor w/ 2 levels "WT"<"Del": 1 1 1 1 1 1 1 1 1 2 ...
 $ Condition: Ord.factor w/ 3 levels "unst"<"PMA"<"Hemin": 1 1 1 2 2 2 3 3 3 1 ...
 $ Time     : Ord.factor w/ 3 levels "Basal"<"24"<"96": 1 2 3 1 2 3 1 2 3 1 ...
 $ Parameter: Ord.factor w/ 1 level "CD41 GeoMFI": 1 1 1 1 1 1 1 1 1 1 ...
 $ Mean     : num  758 969 547 758 1488 ...
 $ sd       : num  81.9 145.3 51.6 81.9 277.1 ...

boundary (singular) fit: see help('isSingular')
boundary (singular) fit: see help('isSingular')
boundary (singular) fit: see help('isSingular')
refitting model(s) with ML (instead of REML)
LRT_model_intermediate
Classes ‘anova’ and 'data.frame':	2 obs. of  8 variables:
 $ npar      : num  12 13
 $ AIC       : num  1204 1205
 $ BIC       : num  1228 1230
 $ logLik    : num  -590 -589
 $ deviance  : num  1180 1179
 $ Chisq     : num  NA 1.54
 $ Df        : num  NA 1
 $ Pr(>Chisq): num  NA 0.215
 - attr(*, "heading")= chr [1:4] "Data: Flow_cyt_data_sel" "Models:" "reduced_model: Flow_cyt_data_sel[, k] ~ 1 + Time + Condition + (1 + Genotype | Sample) + (1 + Genotype | Condition)" "intermediate_model: Flow_cyt_data_sel[, k] ~ 1 + Genotype + Time + Condition + (1 + Genotype | Sample) + (1 + G"| __truncated__

refitting model(s) with ML (instead of REML)
LRT_model_full
Classes ‘anova’ and 'data.frame':	2 obs. of  8 variables:
 $ npar      : num  13 15
 $ AIC       : num  1205 1206
 $ BIC       : num  1230 1236
 $ logLik    : num  -589 -588
 $ deviance  : num  1179 1176
 $ Chisq     : num  NA 2.44
 $ Df        : num  NA 2
 $ Pr(>Chisq): num  NA 0.295
 - attr(*, "heading")= chr [1:4] "Data: Flow_cyt_data_sel" "Models:" "intermediate_model: Flow_cyt_data_sel[, k] ~ 1 + Genotype + Time + Condition + (1 + Genotype | Sample) + (1 + G"| __truncated__ "full_model: Flow_cyt_data_sel[, k] ~ 1 + Genotype:Time + Genotype + Time + Condition + (1 + Genotype | Sample) "| __truncated__

A
Min. 1st Qu. Median Mean 3rd Qu. Max.
547 927.583333333333 1102 6878.4537037037 1738.25 68219.3333333333
max_value:min_value:step
68219.3333333333	547	16918.08
   user  system elapsed 
 10.959   0.350  11.537 
There were 50 or more warnings (use warnings() to see the first 50)

------------------------------------------------------------
Sender: LSF System <lsfadmin@node-12-7-4>
Subject: Job 25282549: <stats_linear_mix_model_job> in cluster <farm5> Done

Job <stats_linear_mix_model_job> was submitted from host <farm5-head1> by user <mt19> in cluster <farm5> at Thu Jun 15 15:20:20 2023
Job was executed on host(s) <node-12-7-4>, in queue <normal>, as user <mt19> in cluster <farm5> at Thu Jun 15 15:20:21 2023
</nfs/users/nfs_m/mt19> was used as the home directory.
</lustre/scratch126/humgen/teams/soranzo/users/mt19/CUX1_experiment> was used as the working directory.
Started at Thu Jun 15 15:20:21 2023
Terminated at Thu Jun 15 15:20:40 2023
Results reported at Thu Jun 15 15:20:40 2023

Your job looked like:

------------------------------------------------------------
# LSBATCH: User input
/software/R-4.1.0/bin/Rscript /nfs/users/nfs_m/mt19/Scripts/R/358_stats_on_flow_cyt.R --Flow_cyt_data /lustre/scratch126/humgen/teams/soranzo/users/mt19/CUX1_experiment/Stats_flow_CUX1.csv --type stats_linear_mix_model --out /lustre/scratch126/humgen/teams/soranzo/users/mt19/CUX1_experiment/
------------------------------------------------------------

Successfully completed.

Resource usage summary:

    CPU time :                                   16.22 sec.
    Max Memory :                                 347 MB
    Average Memory :                             289.40 MB
    Total Requested Memory :                     4000.00 MB
    Delta Memory :                               3653.00 MB
    Max Swap :                                   -
    Max Processes :                              3
    Max Threads :                                5
    Run time :                                   19 sec.
    Turnaround time :                            20 sec.

The output (if any) is above this job summary.

